<?xml version="1.0" encoding="UTF-8"?>
<!-- Generated by org.testng.reporters.JUnitXMLReporter -->
<testsuite ignored="1" hostname="DESKTOP-JG074OP" failures="1" tests="8" name=" regression Test" time="51.92" errors="0" timestamp="2021-07-13T03:41:54 EET">
  <testcase classname="tests.RegistrationTest" name="openSignInPage" time="3.692"/>
  <testcase classname="tests.RegistrationTest" name="clickCreateAnAccount" time="1.124"/>
  <testcase classname="tests.RegistrationTest" name="userRegistrationTest" time="14.845"/>
  <testcase classname="tests.RegistrationTest" name="myAccountassertion" time="3.4"/>
  <testcase classname="tests.ProductTest" name="testLogine" time="0.079">
    <failure type="java.lang.NullPointerException" message="Cannot invoke &amp;quot;org.openqa.selenium.WebDriver.findElement(org.openqa.selenium.By)&amp;quot; because &amp;quot;this.driver&amp;quot; is null">
      <![CDATA[java.lang.NullPointerException: Cannot invoke "org.openqa.selenium.WebDriver.findElement(org.openqa.selenium.By)" because "this.driver" is null
at pages.PageBase.click(PageBase.java:16)
at pages.Login.clickLogIn(Login.java:23)
at tests.ProductTest.testLogine(ProductTest.java:20)
at java.base/java.util.ArrayList.forEach(ArrayList.java:1511)
... Removed 27 stack frames]]>
    </failure>
  </testcase> <!-- testLogine -->
  <testcase classname="tests.ProductTest" name="dressesPageTest" time="0.001">
    <skipped/>
  </testcase> <!-- dressesPageTest -->
  <testcase classname="tests.ProductTest" name="productDetails" time="0.0">
    <skipped/>
  </testcase> <!-- productDetails -->
  <testcase classname="tests.ProductTest" name="verificationlinktext" time="0.0">
    <skipped/>
  </testcase> <!-- verificationlinktext -->
  <testcase classname="tests.TestBase" name="@BeforeTest openUrl" time="0.0">
    <ignored/>
  </testcase> <!-- @BeforeTest openUrl -->
</testsuite> <!--  regression Test -->
